<?xml version="1.0" encoding="UTF-8"?>
<!-- Generated by org.testng.reporters.JUnitReportReporter -->
<testsuite hostname="BDC11-L-G35RTN2" failures="0" tests="2" name="com.Test.OpenContratsWorkFlow" time="42.628" errors="0" timestamp="2021-04-07T19:08:46 IST" skipped="0">
  <testcase classname="com.Test.OpenContratsWorkFlow" name="OpenContrats_WorkFlow" time="13.559"/>
  <system-out/>
  <testcase classname="com.Test.OpenContratsWorkFlow" name="login" time="29.069"/>
  <system-out/>
</testsuite> <!-- com.Test.OpenContratsWorkFlow -->
