<?xml version="1.0" encoding="UTF-8"?>
<!-- Generated by org.testng.reporters.JUnitReportReporter -->
<testsuite hostname="BDC6-LX-G35RTN2" failures="0" tests="3" name="com.Test.ReportsWorkFlow" time="160.512" errors="0" timestamp="1 Jun 2021 06:43:52 GMT">
  <testcase classname="com.Test.ReportsWorkFlow" name="login" time="33.261"/>
  <testcase classname="com.Test.ReportsWorkFlow" name="Report" time="113.841"/>
  <testcase classname="com.Test.ReportsWorkFlow" name="OpenContrats_WorkFlow" time="13.410"/>
</testsuite> <!-- com.Test.ReportsWorkFlow -->
