<?xml version="1.0" encoding="UTF-8"?>
<!-- Generated by org.testng.reporters.JUnitReportReporter -->
<testsuite hostname="BDC11-L-G35RTN2" failures="0" tests="2" name="com.Test.NewSessionWorkFlow" time="249.352" errors="0" timestamp="22 Feb 2021 10:23:27 GMT" skipped="0">
  <testcase classname="com.Test.NewSessionWorkFlow" name="NewSession" time="137.017"/>
  <testcase classname="com.Test.NewSessionWorkFlow" name="login" time="112.335"/>
</testsuite> <!-- com.Test.NewSessionWorkFlow -->
