<?xml version="1.0" encoding="UTF-8"?>
<!-- Generated by org.testng.reporters.JUnitReportReporter -->
<testsuite hostname="BDC11-L-G35RTN2" failures="0" tests="1" name="com.Test.AccenLoginTest" time="55.119" errors="0" timestamp="2021-04-07T18:50:12 IST" skipped="0">
  <testcase classname="com.Test.AccenLoginTest" name="login" time="55.119"/>
  <system-out/>
</testsuite> <!-- com.Test.AccenLoginTest -->
