<?xml version="1.0" encoding="UTF-8"?>
<!-- Generated by org.testng.reporters.JUnitReportReporter -->
<testsuite hostname="BDC6-LX-G35RTN2" failures="0" tests="2" name="com.Test.OrdersPage" time="34.876" errors="0" timestamp="19 Jul 2021 14:20:35 GMT">
  <testcase classname="com.Test.OrdersPage" name="login" time="9.208"/>
  <testcase classname="com.Test.OrdersPage" name="OrdersPageWorkFlow" time="25.668"/>
</testsuite> <!-- com.Test.OrdersPage -->
