<?xml version="1.0" encoding="UTF-8"?>
<!-- Generated by org.testng.reporters.JUnitReportReporter -->
<testsuite hostname="BDC6-LX-G35RTN2" failures="0" tests="4" name="com.Test.LoginScenarios" time="57.306" errors="0" timestamp="19 Jul 2021 15:57:14 GMT">
  <testcase classname="com.Test.LoginScenarios" name="login1" time="6.589"/>
  <testcase classname="com.Test.LoginScenarios" name="login" time="9.136"/>
  <testcase classname="com.Test.LoginScenarios" name="login2" time="3.907"/>
  <testcase classname="com.Test.LoginScenarios" name="OrdersPageWorkFlow" time="37.674"/>
</testsuite> <!-- com.Test.LoginScenarios -->
