<?xml version="1.0" encoding="UTF-8"?>
<!-- Generated by org.testng.reporters.JUnitReportReporter -->
<testsuite hostname="CDC5-D-DCDSFD2" failures="0" tests="7" name="com.Test.AddingWorkingCenters" time="105.206" errors="0" timestamp="05 Jul 2018 04:18:54 GMT" skipped="0">
  <testcase classname="com.Test.AddingWorkingCenters" name="uploadingAnexoI" time="10.132"/>
  <testcase classname="com.Test.AddingWorkingCenters" name="uploadingAnexoII" time="14.431"/>
  <testcase classname="com.Test.AddingWorkingCenters" name="uploadingAccidentes" time="10.320"/>
  <testcase classname="com.Test.AddingWorkingCenters" name="updatingName" time="7.557"/>
  <testcase classname="com.Test.AddingWorkingCenters" name="login" time="5.853"/>
  <testcase classname="com.Test.AddingWorkingCenters" name="downloadingFiles" time="21.149"/>
  <testcase classname="com.Test.AddingWorkingCenters" name="addWorkingCenters" time="35.764"/>
</testsuite> <!-- com.Test.AddingWorkingCenters -->
