<?xml version="1.0" encoding="UTF-8"?>
<!-- Generated by org.testng.reporters.JUnitReportReporter -->
<testsuite hostname="CDC5-D-DCDSFD2" failures="0" tests="5" name="com.Test.UploadingFiles" time="47.056" errors="0" timestamp="03 Jul 2018 10:48:23 GMT" skipped="0">
  <testcase classname="com.Test.UploadingFiles" name="uploadingAnexoI" time="9.142"/>
  <testcase classname="com.Test.UploadingFiles" name="uploadingAnexoII" time="14.119"/>
  <testcase classname="com.Test.UploadingFiles" name="login" time="6.015"/>
  <testcase classname="com.Test.UploadingFiles" name="updatingName" time="7.386"/>
  <testcase classname="com.Test.UploadingFiles" name="uploadingAccidentes" time="10.394"/>
</testsuite> <!-- com.Test.UploadingFiles -->
