<?xml version="1.0" encoding="UTF-8"?>
<!-- Generated by org.testng.reporters.JUnitReportReporter -->
<testsuite hostname="CDC5-D-DCDSFD2" failures="0" tests="3" name="com.Test.FinalApproverRole" time="64.073" errors="0" timestamp="12 Jun 2018 10:54:05 GMT" skipped="0">
  <testcase classname="com.Test.FinalApproverRole" name="login" time="51.270"/>
  <testcase classname="com.Test.FinalApproverRole" name="roleFinalApprover3a" time="6.722"/>
  <testcase classname="com.Test.FinalApproverRole" name="roleFinalApprover3b" time="6.081"/>
</testsuite> <!-- com.Test.FinalApproverRole -->
