<?xml version="1.0" encoding="UTF-8"?>
<!-- Generated by org.testng.reporters.JUnitReportReporter -->
<testsuite hostname="BDC11-L-G35RTN2" failures="0" tests="2" name="com.Test.RegisterSession" time="109.759" errors="0" timestamp="05 Mar 2021 09:09:07 GMT" skipped="0">
  <testcase classname="com.Test.RegisterSession" name="login" time="25.384"/>
  <testcase classname="com.Test.RegisterSession" name="RegisterSessionWorkFlow" time="84.375"/>
</testsuite> <!-- com.Test.RegisterSession -->
