<?xml version="1.0" encoding="UTF-8"?>
<!-- Generated by org.testng.reporters.JUnitReportReporter -->
<testsuite skipped="0" hostname="CDC5-D-DCDSFD2" name="com.Test.AdminRole1" tests="2" failures="0" timestamp="29 May 2018 09:20:47 GMT" time="52.758" errors="0">
  <testcase name="login" time="21.820" classname="com.Test.AdminRole1"/>
  <testcase name="roleAdministrator1" time="30.938" classname="com.Test.AdminRole1"/>
</testsuite> <!-- com.Test.AdminRole1 -->
