<?xml version="1.0" encoding="UTF-8"?>
<!-- Generated by org.testng.reporters.JUnitReportReporter -->
<testsuite hostname="CDC5-D-DCDSFD2" failures="0" tests="1" name="com.Test.ApproverRole" time="5.187" errors="0" timestamp="20 Jun 2018 12:14:33 GMT" skipped="0">
  <testcase classname="com.Test.ApproverRole" name="login" time="5.187"/>
</testsuite> <!-- com.Test.ApproverRole -->
