<?xml version="1.0" encoding="UTF-8"?>
<!-- Generated by org.testng.reporters.JUnitReportReporter -->
<testsuite hostname="BDC11-L-G35RTN2" failures="0" tests="1" name="com.Test.NewSessions" time="165.750" errors="0" timestamp="2021-02-08T17:26:19 IST" skipped="0">
  <testcase classname="com.Test.NewSessions" name="login" time="165.750"/>
  <system-out/>
</testsuite> <!-- com.Test.NewSessions -->
