<?xml version="1.0" encoding="UTF-8"?>
<!-- Generated by org.testng.reporters.JUnitReportReporter -->
<testsuite hostname="CDC5-D-DCDSFD2" failures="0" tests="2" name="com.Test.DownloadingFiles" time="24.615" errors="0" timestamp="21 Jun 2018 12:30:30 GMT" skipped="0">
  <testcase classname="com.Test.DownloadingFiles" name="downloadingFiles" time="19.632"/>
  <testcase classname="com.Test.DownloadingFiles" name="login" time="4.983"/>
</testsuite> <!-- com.Test.DownloadingFiles -->
